<?xml version="1.0" encoding="UTF-8"?>
<testsuite xmlns:xsi="http://www.w3.org/2001/XMLSchema-instance" xsi:noNamespaceSchemaLocation="https://maven.apache.org/surefire/maven-surefire-plugin/xsd/surefire-test-report-3.0.xsd" version="3.0" name="src.main.java.SensorDataProcessorTest" time="0.133" tests="8" errors="0" skipped="0" failures="0">
  <properties>
[...]
</properties>
  <testcase name="testB3Part1TruePart2False_FallsToElse" classname="src.main.java.SensorDataProcessorTest" time="0.065"/>
  <testcase name="testB4Else_Continue" classname="src.main.java.SensorDataProcessorTest" time="0.004"/>
  <testcase name="testB1BothTrue_BreakOnFirstCondition" classname="src.main.java.SensorDataProcessorTest" time="0.007"/>
  <testcase name="testB2True_B1False_BreakOnSecondCondition" classname="src.main.java.SensorDataProcessorTest" time="0.003"/>
  <testcase name="testMultipleSensorsAndReadings" classname="src.main.java.SensorDataProcessorTest" time="0.004"/>
  <testcase name="testB1LeftTrueRightFalse_ThenB2True" classname="src.main.java.SensorDataProcessorTest" time="0.003"/>
  <testcase name="testB3True_MultiplyByTwo" classname="src.main.java.SensorDataProcessorTest" time="0.003"/>
  <testcase name="testIOExceptionCaught" classname="src.main.java.SensorDataProcessorTest" time="0.01">
    <system-out><![CDATA[Error= java.io.FileNotFoundException: RacingStatsData.txt (Access is denied)
]]></system-out>
  </testcase>
</testsuite>