<?xml version="1.0" encoding="UTF-8"?>
<testsuite xmlns:xsi="http://www.w3.org/2001/XMLSchema-instance" xsi:noNamespaceSchemaLocation="https://maven.apache.org/surefire/maven-surefire-plugin/xsd/surefire-test-report-3.0.xsd" version="3.0" name="com.example.SensorDataProcessorTest" time="0.057" tests="8" errors="0" skipped="0" failures="0">
  <properties>
[...]
</properties>
  <testcase name="testB3Part1TruePart2False_FallsToElse" classname="com.example.SensorDataProcessorTest" time="0.024"/>
  <testcase name="testB4Else_Continue" classname="com.example.SensorDataProcessorTest" time="0.003"/>
  <testcase name="testB1BothTrue_BreakOnFirstCondition" classname="com.example.SensorDataProcessorTest" time="0.004"/>
  <testcase name="testB2True_B1False_BreakOnSecondCondition" classname="com.example.SensorDataProcessorTest" time="0.003"/>
  <testcase name="testMultipleSensorsAndReadings" classname="com.example.SensorDataProcessorTest" time="0.002"/>
  <testcase name="testB1LeftTrueRightFalse_ThenB2True" classname="com.example.SensorDataProcessorTest" time="0.002"/>
  <testcase name="testB3True_MultiplyByTwo" classname="com.example.SensorDataProcessorTest" time="0.001"/>
  <testcase name="testIOExceptionCaught" classname="com.example.SensorDataProcessorTest" time="0.004">
    <system-out><![CDATA[Error= java.io.FileNotFoundException: RacingStatsData.txt (Access is denied)
]]></system-out>
  </testcase>
</testsuite>